{"C:\\Users\\selcan\\Desktop\\Workspace\\movie-otomation-mobile-project\\components\\MediaCard.tsx": {"path":"C:\\Users\\selcan\\Desktop\\Workspace\\movie-otomation-mobile-project\\components\\MediaCard.tsx","statementMap":{"0":{"start":{"line":19,"column":23},"end":{"line":23,"column":1}},"1":{"start":{"line":20,"column":2},"end":{"line":20,"column":31}},"2":{"start":{"line":20,"column":14},"end":{"line":20,"column":31}},"3":{"start":{"line":21,"column":2},"end":{"line":21,"column":31}},"4":{"start":{"line":21,"column":14},"end":{"line":21,"column":31}},"5":{"start":{"line":22,"column":2},"end":{"line":22,"column":19}},"6":{"start":{"line":25,"column":20},"end":{"line":35,"column":1}},"7":{"start":{"line":26,"column":17},"end":{"line":26,"column":39}},"8":{"start":{"line":27,"column":2},"end":{"line":34,"column":5}},"9":{"start":{"line":28,"column":4},"end":{"line":33,"column":6}},"10":{"start":{"line":45,"column":2},"end":{"line":94,"column":4}},"11":{"start":{"line":97,"column":15},"end":{"line":141,"column":2}}},"fnMap":{"0":{"name":"(anonymous_0)","decl":{"start":{"line":19,"column":23},"end":{"line":19,"column":24}},"loc":{"start":{"line":19,"column":38},"end":{"line":23,"column":1}},"line":19},"1":{"name":"(anonymous_1)","decl":{"start":{"line":25,"column":20},"end":{"line":25,"column":21}},"loc":{"start":{"line":25,"column":40},"end":{"line":35,"column":1}},"line":25},"2":{"name":"(anonymous_2)","decl":{"start":{"line":27,"column":35},"end":{"line":27,"column":36}},"loc":{"start":{"line":28,"column":4},"end":{"line":33,"column":6}},"line":28},"3":{"name":"MediaCard","decl":{"start":{"line":37,"column":24},"end":{"line":37,"column":33}},"loc":{"start":{"line":44,"column":10},"end":{"line":95,"column":1}},"line":44}},"branchMap":{"0":{"loc":{"start":{"line":20,"column":2},"end":{"line":20,"column":31}},"type":"if","locations":[{"start":{"line":20,"column":2},"end":{"line":20,"column":31}},{"start":{},"end":{}}],"line":20},"1":{"loc":{"start":{"line":21,"column":2},"end":{"line":21,"column":31}},"type":"if","locations":[{"start":{"line":21,"column":2},"end":{"line":21,"column":31}},{"start":{},"end":{}}],"line":21},"2":{"loc":{"start":{"line":30,"column":12},"end":{"line":30,"column":48}},"type":"cond-expr","locations":[{"start":{"line":30,"column":25},"end":{"line":30,"column":31}},{"start":{"line":30,"column":34},"end":{"line":30,"column":48}}],"line":30},"3":{"loc":{"start":{"line":42,"column":2},"end":{"line":42,"column":38}},"type":"default-arg","locations":[{"start":{"line":42,"column":15},"end":{"line":42,"column":38}}],"line":42},"4":{"loc":{"start":{"line":43,"column":2},"end":{"line":43,"column":25}},"type":"default-arg","locations":[{"start":{"line":43,"column":16},"end":{"line":43,"column":25}}],"line":43},"5":{"loc":{"start":{"line":50,"column":25},"end":{"line":50,"column":73}},"type":"binary-expr","locations":[{"start":{"line":50,"column":25},"end":{"line":50,"column":33}},{"start":{"line":50,"column":37},"end":{"line":50,"column":73}}],"line":50},"6":{"loc":{"start":{"line":55,"column":41},"end":{"line":55,"column":76}},"type":"cond-expr","locations":[{"start":{"line":55,"column":65},"end":{"line":55,"column":69}},{"start":{"line":55,"column":72},"end":{"line":55,"column":76}}],"line":55},"7":{"loc":{"start":{"line":68,"column":9},"end":{"line":72,"column":16}},"type":"cond-expr","locations":[{"start":{"line":69,"column":10},"end":{"line":71,"column":17}},{"start":{"line":72,"column":12},"end":{"line":72,"column":16}}],"line":68},"8":{"loc":{"start":{"line":78,"column":12},"end":{"line":78,"column":87}},"type":"binary-expr","locations":[{"start":{"line":78,"column":12},"end":{"line":78,"column":31}},{"start":{"line":78,"column":35},"end":{"line":78,"column":87}}],"line":78},"9":{"loc":{"start":{"line":84,"column":13},"end":{"line":84,"column":71}},"type":"cond-expr","locations":[{"start":{"line":84,"column":35},"end":{"line":84,"column":58}},{"start":{"line":84,"column":61},"end":{"line":84,"column":71}}],"line":84}},"s":{"0":1,"1":8,"2":1,"3":7,"4":7,"5":0,"6":1,"7":9,"8":9,"9":45,"10":9,"11":1},"f":{"0":8,"1":9,"2":45,"3":9},"b":{"0":[1,7],"1":[7,0],"2":[32,13],"3":[9],"4":[9],"5":[9,0],"6":[9,0],"7":[1,8],"8":[9,8],"9":[8,1]},"_coverageSchema":"1a1c01bbd47fc00a2c39e90264f33305004495a9","hash":"e3877a695b64de0dd1dc53f7aedda969e86286cd"}
,"C:\\Users\\selcan\\Desktop\\Workspace\\movie-otomation-mobile-project\\hooks\\helpers.ts": {"path":"C:\\Users\\selcan\\Desktop\\Workspace\\movie-otomation-mobile-project\\hooks\\helpers.ts","statementMap":{"0":{"start":{"line":13,"column":12},"end":{"line":13,"column":16}},"1":{"start":{"line":14,"column":15},"end":{"line":14,"column":46}},"2":{"start":{"line":15,"column":15},"end":{"line":15,"column":46}},"3":{"start":{"line":17,"column":4},"end":{"line":21,"column":24}},"4":{"start":{"line":22,"column":12},"end":{"line":22,"column":58}},"5":{"start":{"line":23,"column":2},"end":{"line":23,"column":15}},"6":{"start":{"line":31,"column":17},"end":{"line":31,"column":51}},"7":{"start":{"line":31,"column":34},"end":{"line":31,"column":50}},"8":{"start":{"line":32,"column":2},"end":{"line":34,"column":3}},"9":{"start":{"line":33,"column":4},"end":{"line":33,"column":48}},"10":{"start":{"line":33,"column":30},"end":{"line":33,"column":46}},"11":{"start":{"line":35,"column":2},"end":{"line":35,"column":25}},"12":{"start":{"line":43,"column":2},"end":{"line":43,"column":49}},"13":{"start":{"line":48,"column":2},"end":{"line":48,"column":27}},"14":{"start":{"line":53,"column":2},"end":{"line":53,"column":35}},"15":{"start":{"line":53,"column":16},"end":{"line":53,"column":35}},"16":{"start":{"line":54,"column":15},"end":{"line":54,"column":32}},"17":{"start":{"line":55,"column":2},"end":{"line":55,"column":53}},"18":{"start":{"line":55,"column":29},"end":{"line":55,"column":53}},"19":{"start":{"line":56,"column":2},"end":{"line":56,"column":42}},"20":{"start":{"line":64,"column":2},"end":{"line":64,"column":78}},"21":{"start":{"line":64,"column":19},"end":{"line":64,"column":78}},"22":{"start":{"line":65,"column":2},"end":{"line":65,"column":59}},"23":{"start":{"line":73,"column":2},"end":{"line":73,"column":34}},"24":{"start":{"line":73,"column":21},"end":{"line":73,"column":34}},"25":{"start":{"line":74,"column":2},"end":{"line":74,"column":66}},"26":{"start":{"line":74,"column":32},"end":{"line":74,"column":64}},"27":{"start":{"line":82,"column":2},"end":{"line":86,"column":4}},"28":{"start":{"line":83,"column":4},"end":{"line":85,"column":39}},"29":{"start":{"line":91,"column":2},"end":{"line":91,"column":23}},"30":{"start":{"line":91,"column":13},"end":{"line":91,"column":23}},"31":{"start":{"line":92,"column":2},"end":{"line":92,"column":40}},"32":{"start":{"line":92,"column":28},"end":{"line":92,"column":40}},"33":{"start":{"line":93,"column":2},"end":{"line":93,"column":38}},"34":{"start":{"line":101,"column":2},"end":{"line":101,"column":45}},"35":{"start":{"line":101,"column":29},"end":{"line":101,"column":43}}},"fnMap":{"0":{"name":"getDistance","decl":{"start":{"line":7,"column":16},"end":{"line":7,"column":27}},"loc":{"start":{"line":12,"column":10},"end":{"line":24,"column":1}},"line":12},"1":{"name":"toggleFavorite","decl":{"start":{"line":27,"column":16},"end":{"line":27,"column":30}},"loc":{"start":{"line":30,"column":7},"end":{"line":36,"column":1}},"line":30},"2":{"name":"(anonymous_2)","decl":{"start":{"line":31,"column":27},"end":{"line":31,"column":28}},"loc":{"start":{"line":31,"column":34},"end":{"line":31,"column":50}},"line":31},"3":{"name":"(anonymous_3)","decl":{"start":{"line":33,"column":23},"end":{"line":33,"column":24}},"loc":{"start":{"line":33,"column":30},"end":{"line":33,"column":46}},"line":33},"4":{"name":"isContentAllowed","decl":{"start":{"line":39,"column":16},"end":{"line":39,"column":32}},"loc":{"start":{"line":42,"column":12},"end":{"line":44,"column":1}},"line":42},"5":{"name":"formatRating","decl":{"start":{"line":47,"column":16},"end":{"line":47,"column":28}},"loc":{"start":{"line":47,"column":53},"end":{"line":49,"column":1}},"line":47},"6":{"name":"formatDate","decl":{"start":{"line":52,"column":16},"end":{"line":52,"column":26}},"loc":{"start":{"line":52,"column":52},"end":{"line":57,"column":1}},"line":52},"7":{"name":"getImageUrl","decl":{"start":{"line":60,"column":16},"end":{"line":60,"column":27}},"loc":{"start":{"line":63,"column":10},"end":{"line":66,"column":1}},"line":63},"8":{"name":"filterByGenre","decl":{"start":{"line":69,"column":16},"end":{"line":69,"column":29}},"loc":{"start":{"line":72,"column":7},"end":{"line":75,"column":1}},"line":72},"9":{"name":"(anonymous_9)","decl":{"start":{"line":74,"column":22},"end":{"line":74,"column":23}},"loc":{"start":{"line":74,"column":32},"end":{"line":74,"column":64}},"line":74},"10":{"name":"sortByRating","decl":{"start":{"line":78,"column":16},"end":{"line":78,"column":28}},"loc":{"start":{"line":81,"column":7},"end":{"line":87,"column":1}},"line":81},"11":{"name":"(anonymous_11)","decl":{"start":{"line":82,"column":25},"end":{"line":82,"column":26}},"loc":{"start":{"line":83,"column":4},"end":{"line":85,"column":39}},"line":83},"12":{"name":"truncateText","decl":{"start":{"line":90,"column":16},"end":{"line":90,"column":28}},"loc":{"start":{"line":90,"column":66},"end":{"line":94,"column":1}},"line":90},"13":{"name":"isInList","decl":{"start":{"line":97,"column":16},"end":{"line":97,"column":24}},"loc":{"start":{"line":100,"column":11},"end":{"line":102,"column":1}},"line":100},"14":{"name":"(anonymous_14)","decl":{"start":{"line":101,"column":19},"end":{"line":101,"column":20}},"loc":{"start":{"line":101,"column":29},"end":{"line":101,"column":43}},"line":101}},"branchMap":{"0":{"loc":{"start":{"line":32,"column":2},"end":{"line":34,"column":3}},"type":"if","locations":[{"start":{"line":32,"column":2},"end":{"line":34,"column":3}},{"start":{},"end":{}}],"line":32},"1":{"loc":{"start":{"line":43,"column":9},"end":{"line":43,"column":48}},"type":"binary-expr","locations":[{"start":{"line":43,"column":9},"end":{"line":43,"column":20}},{"start":{"line":43,"column":24},"end":{"line":43,"column":48}}],"line":43},"2":{"loc":{"start":{"line":53,"column":2},"end":{"line":53,"column":35}},"type":"if","locations":[{"start":{"line":53,"column":2},"end":{"line":53,"column":35}},{"start":{},"end":{}}],"line":53},"3":{"loc":{"start":{"line":55,"column":2},"end":{"line":55,"column":53}},"type":"if","locations":[{"start":{"line":55,"column":2},"end":{"line":55,"column":53}},{"start":{},"end":{}}],"line":55},"4":{"loc":{"start":{"line":62,"column":2},"end":{"line":62,"column":23}},"type":"default-arg","locations":[{"start":{"line":62,"column":17},"end":{"line":62,"column":23}}],"line":62},"5":{"loc":{"start":{"line":64,"column":2},"end":{"line":64,"column":78}},"type":"if","locations":[{"start":{"line":64,"column":2},"end":{"line":64,"column":78}},{"start":{},"end":{}}],"line":64},"6":{"loc":{"start":{"line":73,"column":2},"end":{"line":73,"column":34}},"type":"if","locations":[{"start":{"line":73,"column":2},"end":{"line":73,"column":34}},{"start":{},"end":{}}],"line":73},"7":{"loc":{"start":{"line":80,"column":2},"end":{"line":80,"column":32}},"type":"default-arg","locations":[{"start":{"line":80,"column":26},"end":{"line":80,"column":32}}],"line":80},"8":{"loc":{"start":{"line":83,"column":4},"end":{"line":85,"column":39}},"type":"cond-expr","locations":[{"start":{"line":84,"column":8},"end":{"line":84,"column":39}},{"start":{"line":85,"column":8},"end":{"line":85,"column":39}}],"line":83},"9":{"loc":{"start":{"line":91,"column":2},"end":{"line":91,"column":23}},"type":"if","locations":[{"start":{"line":91,"column":2},"end":{"line":91,"column":23}},{"start":{},"end":{}}],"line":91},"10":{"loc":{"start":{"line":92,"column":2},"end":{"line":92,"column":40}},"type":"if","locations":[{"start":{"line":92,"column":2},"end":{"line":92,"column":40}},{"start":{},"end":{}}],"line":92}},"s":{"0":5,"1":5,"2":5,"3":5,"4":5,"5":5,"6":5,"7":4,"8":5,"9":3,"10":6,"11":2,"12":5,"13":5,"14":5,"15":1,"16":4,"17":4,"18":1,"19":3,"20":5,"21":1,"22":4,"23":5,"24":1,"25":4,"26":12,"27":5,"28":12,"29":5,"30":1,"31":4,"32":1,"33":3,"34":5,"35":8},"f":{"0":5,"1":5,"2":4,"3":6,"4":5,"5":5,"6":5,"7":5,"8":5,"9":12,"10":5,"11":12,"12":5,"13":5,"14":8},"b":{"0":[3,2],"1":[5,3],"2":[1,4],"3":[1,3],"4":[4],"5":[1,4],"6":[1,4],"7":[4],"8":[8,4],"9":[1,4],"10":[1,3]},"_coverageSchema":"1a1c01bbd47fc00a2c39e90264f33305004495a9","hash":"45706947a392568714e4ab9e7ed46917622de816"}
,"C:\\Users\\selcan\\Desktop\\Workspace\\movie-otomation-mobile-project\\hooks\\useSensors.ts": {"path":"C:\\Users\\selcan\\Desktop\\Workspace\\movie-otomation-mobile-project\\hooks\\useSensors.ts","statementMap":{"0":{"start":{"line":20,"column":20},"end":{"line":20,"column":29}},"1":{"start":{"line":22,"column":2},"end":{"line":33,"column":27}},"2":{"start":{"line":23,"column":4},"end":{"line":23,"column":41}},"3":{"start":{"line":24,"column":16},"end":{"line":31,"column":6}},"4":{"start":{"line":25,"column":20},"end":{"line":25,"column":52}},"5":{"start":{"line":26,"column":18},"end":{"line":26,"column":28}},"6":{"start":{"line":27,"column":6},"end":{"line":30,"column":7}},"7":{"start":{"line":28,"column":8},"end":{"line":28,"column":32}},"8":{"start":{"line":29,"column":8},"end":{"line":29,"column":18}},"9":{"start":{"line":32,"column":4},"end":{"line":32,"column":30}},"10":{"start":{"line":32,"column":17},"end":{"line":32,"column":29}},"11":{"start":{"line":49,"column":34},"end":{"line":49,"column":69}},"12":{"start":{"line":50,"column":44},"end":{"line":50,"column":73}},"13":{"start":{"line":51,"column":48},"end":{"line":51,"column":63}},"14":{"start":{"line":53,"column":22},"end":{"line":78,"column":3}},"15":{"start":{"line":54,"column":4},"end":{"line":54,"column":29}},"16":{"start":{"line":55,"column":4},"end":{"line":77,"column":5}},"17":{"start":{"line":56,"column":25},"end":{"line":56,"column":75}},"18":{"start":{"line":57,"column":6},"end":{"line":60,"column":7}},"19":{"start":{"line":58,"column":8},"end":{"line":58,"column":51}},"20":{"start":{"line":59,"column":8},"end":{"line":59,"column":15}},"21":{"start":{"line":61,"column":18},"end":{"line":63,"column":8}},"22":{"start":{"line":64,"column":6},"end":{"line":71,"column":9}},"23":{"start":{"line":72,"column":6},"end":{"line":72,"column":29}},"24":{"start":{"line":74,"column":6},"end":{"line":74,"column":43}},"25":{"start":{"line":76,"column":6},"end":{"line":76,"column":32}},"26":{"start":{"line":80,"column":2},"end":{"line":80,"column":67}},"27":{"start":{"line":87,"column":42},"end":{"line":87,"column":57}},"28":{"start":{"line":89,"column":27},"end":{"line":101,"column":20}},"29":{"start":{"line":90,"column":4},"end":{"line":100,"column":5}},"30":{"start":{"line":91,"column":19},"end":{"line":91,"column":32}},"31":{"start":{"line":92,"column":6},"end":{"line":92,"column":28}},"32":{"start":{"line":93,"column":6},"end":{"line":97,"column":7}},"33":{"start":{"line":94,"column":8},"end":{"line":94,"column":49}},"34":{"start":{"line":96,"column":8},"end":{"line":96,"column":52}},"35":{"start":{"line":99,"column":6},"end":{"line":99,"column":42}},"36":{"start":{"line":103,"column":2},"end":{"line":103,"column":44}},"37":{"start":{"line":117,"column":32},"end":{"line":117,"column":66}},"38":{"start":{"line":119,"column":2},"end":{"line":148,"column":9}},"39":{"start":{"line":123,"column":17},"end":{"line":141,"column":5}},"40":{"start":{"line":124,"column":6},"end":{"line":140,"column":7}},"41":{"start":{"line":125,"column":22},"end":{"line":125,"column":58}},"42":{"start":{"line":126,"column":22},"end":{"line":126,"column":58}},"43":{"start":{"line":127,"column":8},"end":{"line":127,"column":36}},"44":{"start":{"line":130,"column":8},"end":{"line":132,"column":11}},"45":{"start":{"line":131,"column":10},"end":{"line":131,"column":89}},"46":{"start":{"line":131,"column":55},"end":{"line":131,"column":87}},"47":{"start":{"line":135,"column":8},"end":{"line":137,"column":11}},"48":{"start":{"line":136,"column":10},"end":{"line":136,"column":87}},"49":{"start":{"line":136,"column":54},"end":{"line":136,"column":85}},"50":{"start":{"line":139,"column":8},"end":{"line":139,"column":41}},"51":{"start":{"line":143,"column":4},"end":{"line":143,"column":11}},"52":{"start":{"line":144,"column":4},"end":{"line":147,"column":6}},"53":{"start":{"line":145,"column":6},"end":{"line":145,"column":26}},"54":{"start":{"line":146,"column":6},"end":{"line":146,"column":25}},"55":{"start":{"line":150,"column":24},"end":{"line":163,"column":3}},"56":{"start":{"line":151,"column":59},"end":{"line":156,"column":5}},"57":{"start":{"line":157,"column":4},"end":{"line":162,"column":7}},"58":{"start":{"line":165,"column":2},"end":{"line":165,"column":21}},"59":{"start":{"line":172,"column":40},"end":{"line":172,"column":54}},"60":{"start":{"line":173,"column":40},"end":{"line":173,"column":70}},"61":{"start":{"line":175,"column":2},"end":{"line":196,"column":9}},"62":{"start":{"line":176,"column":18},"end":{"line":191,"column":5}},"63":{"start":{"line":177,"column":6},"end":{"line":190,"column":7}},"64":{"start":{"line":178,"column":22},"end":{"line":178,"column":58}},"65":{"start":{"line":179,"column":8},"end":{"line":179,"column":50}},"66":{"start":{"line":181,"column":48},"end":{"line":186,"column":9}},"67":{"start":{"line":187,"column":8},"end":{"line":187,"column":73}},"68":{"start":{"line":189,"column":8},"end":{"line":189,"column":41}},"69":{"start":{"line":193,"column":4},"end":{"line":193,"column":12}},"70":{"start":{"line":194,"column":21},"end":{"line":194,"column":45}},"71":{"start":{"line":195,"column":4},"end":{"line":195,"column":41}},"72":{"start":{"line":195,"column":17},"end":{"line":195,"column":40}},"73":{"start":{"line":198,"column":2},"end":{"line":198,"column":38}}},"fnMap":{"0":{"name":"useShakeDetector","decl":{"start":{"line":19,"column":16},"end":{"line":19,"column":32}},"loc":{"start":{"line":19,"column":71},"end":{"line":34,"column":1}},"line":19},"1":{"name":"(anonymous_1)","decl":{"start":{"line":22,"column":12},"end":{"line":22,"column":13}},"loc":{"start":{"line":22,"column":18},"end":{"line":33,"column":3}},"line":22},"2":{"name":"(anonymous_2)","decl":{"start":{"line":24,"column":42},"end":{"line":24,"column":43}},"loc":{"start":{"line":24,"column":59},"end":{"line":31,"column":5}},"line":24},"3":{"name":"(anonymous_3)","decl":{"start":{"line":32,"column":11},"end":{"line":32,"column":12}},"loc":{"start":{"line":32,"column":17},"end":{"line":32,"column":29}},"line":32},"4":{"name":"useUserLocation","decl":{"start":{"line":48,"column":16},"end":{"line":48,"column":31}},"loc":{"start":{"line":48,"column":34},"end":{"line":81,"column":1}},"line":48},"5":{"name":"(anonymous_5)","decl":{"start":{"line":53,"column":22},"end":{"line":53,"column":23}},"loc":{"start":{"line":53,"column":34},"end":{"line":78,"column":3}},"line":53},"6":{"name":"useBrightness","decl":{"start":{"line":86,"column":16},"end":{"line":86,"column":29}},"loc":{"start":{"line":86,"column":32},"end":{"line":104,"column":1}},"line":86},"7":{"name":"(anonymous_7)","decl":{"start":{"line":89,"column":39},"end":{"line":89,"column":40}},"loc":{"start":{"line":89,"column":51},"end":{"line":101,"column":3}},"line":89},"8":{"name":"useBattery","decl":{"start":{"line":116,"column":16},"end":{"line":116,"column":26}},"loc":{"start":{"line":116,"column":29},"end":{"line":166,"column":1}},"line":116},"9":{"name":"(anonymous_9)","decl":{"start":{"line":119,"column":12},"end":{"line":119,"column":13}},"loc":{"start":{"line":119,"column":18},"end":{"line":148,"column":3}},"line":119},"10":{"name":"(anonymous_10)","decl":{"start":{"line":123,"column":17},"end":{"line":123,"column":18}},"loc":{"start":{"line":123,"column":29},"end":{"line":141,"column":5}},"line":123},"11":{"name":"(anonymous_11)","decl":{"start":{"line":130,"column":52},"end":{"line":130,"column":53}},"loc":{"start":{"line":130,"column":74},"end":{"line":132,"column":9}},"line":130},"12":{"name":"(anonymous_12)","decl":{"start":{"line":131,"column":46},"end":{"line":131,"column":47}},"loc":{"start":{"line":131,"column":55},"end":{"line":131,"column":87}},"line":131},"13":{"name":"(anonymous_13)","decl":{"start":{"line":135,"column":51},"end":{"line":135,"column":52}},"loc":{"start":{"line":135,"column":73},"end":{"line":137,"column":9}},"line":135},"14":{"name":"(anonymous_14)","decl":{"start":{"line":136,"column":46},"end":{"line":136,"column":47}},"loc":{"start":{"line":136,"column":54},"end":{"line":136,"column":85}},"line":136},"15":{"name":"(anonymous_15)","decl":{"start":{"line":144,"column":11},"end":{"line":144,"column":12}},"loc":{"start":{"line":144,"column":17},"end":{"line":147,"column":5}},"line":144},"16":{"name":"(anonymous_16)","decl":{"start":{"line":150,"column":24},"end":{"line":150,"column":25}},"loc":{"start":{"line":150,"column":72},"end":{"line":163,"column":3}},"line":150},"17":{"name":"useNetworkStatus","decl":{"start":{"line":171,"column":16},"end":{"line":171,"column":32}},"loc":{"start":{"line":171,"column":35},"end":{"line":199,"column":1}},"line":171},"18":{"name":"(anonymous_18)","decl":{"start":{"line":175,"column":12},"end":{"line":175,"column":13}},"loc":{"start":{"line":175,"column":18},"end":{"line":196,"column":3}},"line":175},"19":{"name":"(anonymous_19)","decl":{"start":{"line":176,"column":18},"end":{"line":176,"column":19}},"loc":{"start":{"line":176,"column":30},"end":{"line":191,"column":5}},"line":176},"20":{"name":"(anonymous_20)","decl":{"start":{"line":195,"column":11},"end":{"line":195,"column":12}},"loc":{"start":{"line":195,"column":17},"end":{"line":195,"column":40}},"line":195}},"branchMap":{"0":{"loc":{"start":{"line":19,"column":54},"end":{"line":19,"column":69}},"type":"default-arg","locations":[{"start":{"line":19,"column":66},"end":{"line":19,"column":69}}],"line":19},"1":{"loc":{"start":{"line":27,"column":6},"end":{"line":30,"column":7}},"type":"if","locations":[{"start":{"line":27,"column":6},"end":{"line":30,"column":7}},{"start":{},"end":{}}],"line":27},"2":{"loc":{"start":{"line":27,"column":10},"end":{"line":27,"column":61}},"type":"binary-expr","locations":[{"start":{"line":27,"column":10},"end":{"line":27,"column":27}},{"start":{"line":27,"column":31},"end":{"line":27,"column":61}}],"line":27},"3":{"loc":{"start":{"line":57,"column":6},"end":{"line":60,"column":7}},"type":"if","locations":[{"start":{"line":57,"column":6},"end":{"line":60,"column":7}},{"start":{},"end":{}}],"line":57},"4":{"loc":{"start":{"line":93,"column":6},"end":{"line":97,"column":7}},"type":"if","locations":[{"start":{"line":93,"column":6},"end":{"line":97,"column":7}},{"start":{"line":95,"column":13},"end":{"line":97,"column":7}}],"line":93},"5":{"loc":{"start":{"line":160,"column":18},"end":{"line":160,"column":96}},"type":"binary-expr","locations":[{"start":{"line":160,"column":18},"end":{"line":160,"column":57}},{"start":{"line":160,"column":61},"end":{"line":160,"column":96}}],"line":160},"6":{"loc":{"start":{"line":161,"column":13},"end":{"line":161,"column":44}},"type":"binary-expr","locations":[{"start":{"line":161,"column":13},"end":{"line":161,"column":28}},{"start":{"line":161,"column":32},"end":{"line":161,"column":44}}],"line":161},"7":{"loc":{"start":{"line":179,"column":23},"end":{"line":179,"column":48}},"type":"binary-expr","locations":[{"start":{"line":179,"column":23},"end":{"line":179,"column":40}},{"start":{"line":179,"column":44},"end":{"line":179,"column":48}}],"line":179},"8":{"loc":{"start":{"line":187,"column":23},"end":{"line":187,"column":71}},"type":"binary-expr","locations":[{"start":{"line":187,"column":23},"end":{"line":187,"column":55}},{"start":{"line":187,"column":59},"end":{"line":187,"column":71}}],"line":187},"9":{"loc":{"start":{"line":187,"column":31},"end":{"line":187,"column":54}},"type":"binary-expr","locations":[{"start":{"line":187,"column":31},"end":{"line":187,"column":41}},{"start":{"line":187,"column":45},"end":{"line":187,"column":54}}],"line":187}},"s":{"0":5,"1":5,"2":5,"3":5,"4":2,"5":2,"6":2,"7":1,"8":1,"9":5,"10":5,"11":8,"12":8,"13":8,"14":8,"15":3,"16":3,"17":3,"18":3,"19":1,"20":1,"21":2,"22":2,"23":2,"24":0,"25":3,"26":8,"27":8,"28":8,"29":4,"30":4,"31":4,"32":4,"33":3,"34":1,"35":0,"36":8,"37":4,"38":4,"39":2,"40":2,"41":2,"42":2,"43":2,"44":2,"45":0,"46":0,"47":2,"48":0,"49":0,"50":0,"51":2,"52":2,"53":2,"54":2,"55":4,"56":2,"57":2,"58":4,"59":8,"60":8,"61":8,"62":4,"63":4,"64":4,"65":4,"66":4,"67":4,"68":0,"69":4,"70":4,"71":4,"72":4,"73":8},"f":{"0":5,"1":5,"2":2,"3":5,"4":8,"5":3,"6":8,"7":4,"8":4,"9":2,"10":2,"11":0,"12":0,"13":0,"14":0,"15":2,"16":2,"17":8,"18":4,"19":4,"20":4},"b":{"0":[3],"1":[1,1],"2":[2,1],"3":[1,2],"4":[3,1],"5":[2,0],"6":[2,0],"7":[4,0],"8":[4,0],"9":[4,0]},"_coverageSchema":"1a1c01bbd47fc00a2c39e90264f33305004495a9","hash":"fbfb9bcf64842d311a14a42ea402eaa3d898b0d2"}
,"C:\\Users\\selcan\\Desktop\\Workspace\\movie-otomation-mobile-project\\hooks\\useStorage.ts": {"path":"C:\\Users\\selcan\\Desktop\\Workspace\\movie-otomation-mobile-project\\hooks\\useStorage.ts","statementMap":{"0":{"start":{"line":19,"column":25},"end":{"line":19,"column":26}},"1":{"start":{"line":22,"column":28},"end":{"line":22,"column":53}},"2":{"start":{"line":23,"column":32},"end":{"line":23,"column":47}},"3":{"start":{"line":24,"column":28},"end":{"line":24,"column":57}},"4":{"start":{"line":27,"column":15},"end":{"line":38,"column":18}},"5":{"start":{"line":28,"column":4},"end":{"line":37,"column":5}},"6":{"start":{"line":29,"column":6},"end":{"line":29,"column":23}},"7":{"start":{"line":30,"column":6},"end":{"line":30,"column":21}},"8":{"start":{"line":31,"column":18},"end":{"line":31,"column":56}},"9":{"start":{"line":32,"column":6},"end":{"line":32,"column":43}},"10":{"start":{"line":34,"column":6},"end":{"line":34,"column":39}},"11":{"start":{"line":36,"column":6},"end":{"line":36,"column":24}},"12":{"start":{"line":41,"column":17},"end":{"line":64,"column":3}},"13":{"start":{"line":43,"column":6},"end":{"line":61,"column":7}},"14":{"start":{"line":44,"column":20},"end":{"line":44,"column":58}},"15":{"start":{"line":45,"column":34},"end":{"line":45,"column":60}},"16":{"start":{"line":46,"column":20},"end":{"line":46,"column":59}},"17":{"start":{"line":46,"column":42},"end":{"line":46,"column":58}},"18":{"start":{"line":47,"column":8},"end":{"line":56,"column":9}},"19":{"start":{"line":48,"column":10},"end":{"line":48,"column":48}},"20":{"start":{"line":50,"column":10},"end":{"line":55,"column":26}},"21":{"start":{"line":57,"column":8},"end":{"line":57,"column":69}},"22":{"start":{"line":58,"column":8},"end":{"line":58,"column":28}},"23":{"start":{"line":60,"column":8},"end":{"line":60,"column":44}},"24":{"start":{"line":67,"column":17},"end":{"line":80,"column":3}},"25":{"start":{"line":69,"column":6},"end":{"line":77,"column":7}},"26":{"start":{"line":70,"column":20},"end":{"line":70,"column":58}},"27":{"start":{"line":71,"column":34},"end":{"line":71,"column":60}},"28":{"start":{"line":72,"column":24},"end":{"line":72,"column":55}},"29":{"start":{"line":72,"column":43},"end":{"line":72,"column":54}},"30":{"start":{"line":73,"column":8},"end":{"line":73,"column":72}},"31":{"start":{"line":74,"column":8},"end":{"line":74,"column":26}},"32":{"start":{"line":76,"column":8},"end":{"line":76,"column":44}},"33":{"start":{"line":83,"column":22},"end":{"line":92,"column":8}},"34":{"start":{"line":84,"column":4},"end":{"line":84,"column":35}},"35":{"start":{"line":84,"column":23},"end":{"line":84,"column":35}},"36":{"start":{"line":85,"column":14},"end":{"line":85,"column":33}},"37":{"start":{"line":86,"column":4},"end":{"line":91,"column":6}},"38":{"start":{"line":88,"column":8},"end":{"line":90,"column":40}},"39":{"start":{"line":95,"column":18},"end":{"line":104,"column":8}},"40":{"start":{"line":96,"column":23},"end":{"line":96,"column":70}},"41":{"start":{"line":97,"column":21},"end":{"line":97,"column":64}},"42":{"start":{"line":98,"column":18},"end":{"line":98,"column":38}},"43":{"start":{"line":99,"column":4},"end":{"line":103,"column":6}},"44":{"start":{"line":106,"column":2},"end":{"line":106,"column":79}}},"fnMap":{"0":{"name":"useMediaStorage","decl":{"start":{"line":21,"column":16},"end":{"line":21,"column":31}},"loc":{"start":{"line":21,"column":52},"end":{"line":107,"column":1}},"line":21},"1":{"name":"(anonymous_1)","decl":{"start":{"line":27,"column":27},"end":{"line":27,"column":28}},"loc":{"start":{"line":27,"column":39},"end":{"line":38,"column":3}},"line":27},"2":{"name":"(anonymous_2)","decl":{"start":{"line":42,"column":4},"end":{"line":42,"column":5}},"loc":{"start":{"line":42,"column":57},"end":{"line":62,"column":5}},"line":42},"3":{"name":"(anonymous_3)","decl":{"start":{"line":46,"column":35},"end":{"line":46,"column":36}},"loc":{"start":{"line":46,"column":42},"end":{"line":46,"column":58}},"line":46},"4":{"name":"(anonymous_4)","decl":{"start":{"line":68,"column":4},"end":{"line":68,"column":5}},"loc":{"start":{"line":68,"column":26},"end":{"line":78,"column":5}},"line":68},"5":{"name":"(anonymous_5)","decl":{"start":{"line":72,"column":36},"end":{"line":72,"column":37}},"loc":{"start":{"line":72,"column":43},"end":{"line":72,"column":54}},"line":72},"6":{"name":"(anonymous_6)","decl":{"start":{"line":83,"column":34},"end":{"line":83,"column":35}},"loc":{"start":{"line":83,"column":72},"end":{"line":92,"column":3}},"line":83},"7":{"name":"(anonymous_7)","decl":{"start":{"line":87,"column":6},"end":{"line":87,"column":7}},"loc":{"start":{"line":88,"column":8},"end":{"line":90,"column":40}},"line":88},"8":{"name":"(anonymous_8)","decl":{"start":{"line":95,"column":30},"end":{"line":95,"column":31}},"loc":{"start":{"line":95,"column":67},"end":{"line":104,"column":3}},"line":95}},"branchMap":{"0":{"loc":{"start":{"line":32,"column":15},"end":{"line":32,"column":41}},"type":"cond-expr","locations":[{"start":{"line":32,"column":21},"end":{"line":32,"column":36}},{"start":{"line":32,"column":39},"end":{"line":32,"column":41}}],"line":32},"1":{"loc":{"start":{"line":45,"column":34},"end":{"line":45,"column":60}},"type":"cond-expr","locations":[{"start":{"line":45,"column":40},"end":{"line":45,"column":55}},{"start":{"line":45,"column":58},"end":{"line":45,"column":60}}],"line":45},"2":{"loc":{"start":{"line":47,"column":8},"end":{"line":56,"column":9}},"type":"if","locations":[{"start":{"line":47,"column":8},"end":{"line":56,"column":9}},{"start":{"line":49,"column":15},"end":{"line":56,"column":9}}],"line":47},"3":{"loc":{"start":{"line":71,"column":34},"end":{"line":71,"column":60}},"type":"cond-expr","locations":[{"start":{"line":71,"column":40},"end":{"line":71,"column":55}},{"start":{"line":71,"column":58},"end":{"line":71,"column":60}}],"line":71},"4":{"loc":{"start":{"line":84,"column":4},"end":{"line":84,"column":35}},"type":"if","locations":[{"start":{"line":84,"column":4},"end":{"line":84,"column":35}},{"start":{},"end":{}}],"line":84},"5":{"loc":{"start":{"line":88,"column":8},"end":{"line":90,"column":40}},"type":"binary-expr","locations":[{"start":{"line":88,"column":8},"end":{"line":88,"column":41}},{"start":{"line":89,"column":8},"end":{"line":89,"column":26}},{"start":{"line":90,"column":8},"end":{"line":90,"column":40}}],"line":88}},"s":{"0":1,"1":29,"2":29,"3":29,"4":29,"5":4,"6":4,"7":4,"8":4,"9":4,"10":0,"11":4,"12":29,"13":3,"14":3,"15":3,"16":3,"17":1,"18":3,"19":1,"20":2,"21":3,"22":3,"23":0,"24":29,"25":4,"26":4,"27":4,"28":4,"29":12,"30":4,"31":4,"32":0,"33":29,"34":4,"35":1,"36":3,"37":3,"38":9,"39":29,"40":3,"41":3,"42":3,"43":3,"44":29},"f":{"0":29,"1":4,"2":3,"3":1,"4":4,"5":12,"6":4,"7":9,"8":3},"b":{"0":[1,3],"1":[3,0],"2":[1,2],"3":[4,0],"4":[1,3],"5":[9,7,7]},"_coverageSchema":"1a1c01bbd47fc00a2c39e90264f33305004495a9","hash":"5fd87c760e136fd6fa8b4768dfc2435bf40e217f"}
,"C:\\Users\\selcan\\Desktop\\Workspace\\movie-otomation-mobile-project\\services\\tmdb.ts": {"path":"C:\\Users\\selcan\\Desktop\\Workspace\\movie-otomation-mobile-project\\services\\tmdb.ts","statementMap":{"0":{"start":{"line":4,"column":16},"end":{"line":4,"column":58}},"1":{"start":{"line":5,"column":17},"end":{"line":5,"column":47}},"2":{"start":{"line":6,"column":19},"end":{"line":6,"column":52}},"3":{"start":{"line":10,"column":26},"end":{"line":11,"column":87}},"4":{"start":{"line":11,"column":2},"end":{"line":11,"column":87}},"5":{"start":{"line":15,"column":14},"end":{"line":15,"column":86}},"6":{"start":{"line":16,"column":2},"end":{"line":16,"column":20}},"7":{"start":{"line":19,"column":14},"end":{"line":19,"column":94}},"8":{"start":{"line":20,"column":12},"end":{"line":20,"column":28}},"9":{"start":{"line":21,"column":2},"end":{"line":21,"column":36}},"10":{"start":{"line":24,"column":14},"end":{"line":24,"column":94}},"11":{"start":{"line":25,"column":12},"end":{"line":25,"column":28}},"12":{"start":{"line":26,"column":2},"end":{"line":26,"column":38}},"13":{"start":{"line":29,"column":14},"end":{"line":29,"column":93}},"14":{"start":{"line":30,"column":12},"end":{"line":30,"column":28}},"15":{"start":{"line":31,"column":10},"end":{"line":31,"column":83}},"16":{"start":{"line":31,"column":38},"end":{"line":31,"column":82}},"17":{"start":{"line":32,"column":2},"end":{"line":36,"column":3}},"18":{"start":{"line":33,"column":15},"end":{"line":33,"column":94}},"19":{"start":{"line":34,"column":15},"end":{"line":34,"column":30}},"20":{"start":{"line":35,"column":4},"end":{"line":35,"column":102}},"21":{"start":{"line":35,"column":37},"end":{"line":35,"column":81}},"22":{"start":{"line":37,"column":2},"end":{"line":37,"column":24}},"23":{"start":{"line":42,"column":14},"end":{"line":42,"column":83}},"24":{"start":{"line":43,"column":2},"end":{"line":43,"column":20}},"25":{"start":{"line":46,"column":14},"end":{"line":46,"column":91}},"26":{"start":{"line":47,"column":12},"end":{"line":47,"column":28}},"27":{"start":{"line":48,"column":2},"end":{"line":48,"column":36}},"28":{"start":{"line":51,"column":14},"end":{"line":51,"column":91}},"29":{"start":{"line":52,"column":12},"end":{"line":52,"column":28}},"30":{"start":{"line":53,"column":2},"end":{"line":53,"column":38}},"31":{"start":{"line":56,"column":14},"end":{"line":56,"column":90}},"32":{"start":{"line":57,"column":12},"end":{"line":57,"column":28}},"33":{"start":{"line":58,"column":10},"end":{"line":58,"column":83}},"34":{"start":{"line":58,"column":38},"end":{"line":58,"column":82}},"35":{"start":{"line":59,"column":2},"end":{"line":63,"column":3}},"36":{"start":{"line":60,"column":15},"end":{"line":60,"column":91}},"37":{"start":{"line":61,"column":15},"end":{"line":61,"column":30}},"38":{"start":{"line":62,"column":4},"end":{"line":62,"column":102}},"39":{"start":{"line":62,"column":37},"end":{"line":62,"column":81}},"40":{"start":{"line":64,"column":2},"end":{"line":64,"column":24}},"41":{"start":{"line":69,"column":2},"end":{"line":69,"column":67}},"42":{"start":{"line":72,"column":2},"end":{"line":72,"column":69}},"43":{"start":{"line":75,"column":2},"end":{"line":75,"column":70}},"44":{"start":{"line":78,"column":2},"end":{"line":78,"column":67}},"45":{"start":{"line":82,"column":42},"end":{"line":88,"column":1}},"46":{"start":{"line":91,"column":15},"end":{"line":91,"column":33}},"47":{"start":{"line":92,"column":2},"end":{"line":101,"column":4}},"48":{"start":{"line":104,"column":27},"end":{"line":104,"column":61}},"49":{"start":{"line":104,"column":39},"end":{"line":104,"column":61}}},"fnMap":{"0":{"name":"(anonymous_0)","decl":{"start":{"line":10,"column":26},"end":{"line":10,"column":27}},"loc":{"start":{"line":11,"column":2},"end":{"line":11,"column":87}},"line":11},"1":{"name":"getMovieDetail","decl":{"start":{"line":14,"column":15},"end":{"line":14,"column":29}},"loc":{"start":{"line":14,"column":42},"end":{"line":17,"column":1}},"line":14},"2":{"name":"getMovieCredits","decl":{"start":{"line":18,"column":15},"end":{"line":18,"column":30}},"loc":{"start":{"line":18,"column":43},"end":{"line":22,"column":1}},"line":18},"3":{"name":"getSimilarMovies","decl":{"start":{"line":23,"column":15},"end":{"line":23,"column":31}},"loc":{"start":{"line":23,"column":44},"end":{"line":27,"column":1}},"line":23},"4":{"name":"getMovieVideos","decl":{"start":{"line":28,"column":15},"end":{"line":28,"column":29}},"loc":{"start":{"line":28,"column":66},"end":{"line":38,"column":1}},"line":28},"5":{"name":"(anonymous_5)","decl":{"start":{"line":31,"column":26},"end":{"line":31,"column":27}},"loc":{"start":{"line":31,"column":38},"end":{"line":31,"column":82}},"line":31},"6":{"name":"(anonymous_6)","decl":{"start":{"line":35,"column":25},"end":{"line":35,"column":26}},"loc":{"start":{"line":35,"column":37},"end":{"line":35,"column":81}},"line":35},"7":{"name":"getTVDetail","decl":{"start":{"line":41,"column":15},"end":{"line":41,"column":26}},"loc":{"start":{"line":41,"column":39},"end":{"line":44,"column":1}},"line":41},"8":{"name":"getTVCredits","decl":{"start":{"line":45,"column":15},"end":{"line":45,"column":27}},"loc":{"start":{"line":45,"column":40},"end":{"line":49,"column":1}},"line":45},"9":{"name":"getSimilarTV","decl":{"start":{"line":50,"column":15},"end":{"line":50,"column":27}},"loc":{"start":{"line":50,"column":40},"end":{"line":54,"column":1}},"line":50},"10":{"name":"getTVVideos","decl":{"start":{"line":55,"column":15},"end":{"line":55,"column":26}},"loc":{"start":{"line":55,"column":63},"end":{"line":65,"column":1}},"line":55},"11":{"name":"(anonymous_11)","decl":{"start":{"line":58,"column":26},"end":{"line":58,"column":27}},"loc":{"start":{"line":58,"column":38},"end":{"line":58,"column":82}},"line":58},"12":{"name":"(anonymous_12)","decl":{"start":{"line":62,"column":25},"end":{"line":62,"column":26}},"loc":{"start":{"line":62,"column":37},"end":{"line":62,"column":81}},"line":62},"13":{"name":"getDetail","decl":{"start":{"line":68,"column":22},"end":{"line":68,"column":31}},"loc":{"start":{"line":68,"column":66},"end":{"line":70,"column":1}},"line":68},"14":{"name":"getCredits","decl":{"start":{"line":71,"column":22},"end":{"line":71,"column":32}},"loc":{"start":{"line":71,"column":67},"end":{"line":73,"column":1}},"line":71},"15":{"name":"getSimilar","decl":{"start":{"line":74,"column":22},"end":{"line":74,"column":32}},"loc":{"start":{"line":74,"column":67},"end":{"line":76,"column":1}},"line":74},"16":{"name":"getVideos","decl":{"start":{"line":77,"column":22},"end":{"line":77,"column":31}},"loc":{"start":{"line":77,"column":90},"end":{"line":79,"column":1}},"line":77},"17":{"name":"tmdbToItem","decl":{"start":{"line":90,"column":16},"end":{"line":90,"column":26}},"loc":{"start":{"line":90,"column":57},"end":{"line":102,"column":1}},"line":90},"18":{"name":"(anonymous_18)","decl":{"start":{"line":104,"column":27},"end":{"line":104,"column":28}},"loc":{"start":{"line":104,"column":39},"end":{"line":104,"column":61}},"line":104}},"branchMap":{"0":{"loc":{"start":{"line":4,"column":16},"end":{"line":4,"column":58}},"type":"binary-expr","locations":[{"start":{"line":4,"column":16},"end":{"line":4,"column":52}},{"start":{"line":4,"column":56},"end":{"line":4,"column":58}}],"line":4},"1":{"loc":{"start":{"line":11,"column":2},"end":{"line":11,"column":87}},"type":"cond-expr","locations":[{"start":{"line":11,"column":9},"end":{"line":11,"column":31}},{"start":{"line":11,"column":34},"end":{"line":11,"column":87}}],"line":11},"2":{"loc":{"start":{"line":21,"column":9},"end":{"line":21,"column":35}},"type":"binary-expr","locations":[{"start":{"line":21,"column":9},"end":{"line":21,"column":29}},{"start":{"line":21,"column":33},"end":{"line":21,"column":35}}],"line":21},"3":{"loc":{"start":{"line":26,"column":9},"end":{"line":26,"column":37}},"type":"binary-expr","locations":[{"start":{"line":26,"column":9},"end":{"line":26,"column":31}},{"start":{"line":26,"column":35},"end":{"line":26,"column":37}}],"line":26},"4":{"loc":{"start":{"line":31,"column":38},"end":{"line":31,"column":82}},"type":"binary-expr","locations":[{"start":{"line":31,"column":38},"end":{"line":31,"column":58}},{"start":{"line":31,"column":62},"end":{"line":31,"column":82}}],"line":31},"5":{"loc":{"start":{"line":32,"column":2},"end":{"line":36,"column":3}},"type":"if","locations":[{"start":{"line":32,"column":2},"end":{"line":36,"column":3}},{"start":{},"end":{}}],"line":32},"6":{"loc":{"start":{"line":35,"column":8},"end":{"line":35,"column":101}},"type":"binary-expr","locations":[{"start":{"line":35,"column":8},"end":{"line":35,"column":82}},{"start":{"line":35,"column":86},"end":{"line":35,"column":101}}],"line":35},"7":{"loc":{"start":{"line":35,"column":37},"end":{"line":35,"column":81}},"type":"binary-expr","locations":[{"start":{"line":35,"column":37},"end":{"line":35,"column":57}},{"start":{"line":35,"column":61},"end":{"line":35,"column":81}}],"line":35},"8":{"loc":{"start":{"line":37,"column":9},"end":{"line":37,"column":23}},"type":"binary-expr","locations":[{"start":{"line":37,"column":9},"end":{"line":37,"column":15}},{"start":{"line":37,"column":19},"end":{"line":37,"column":23}}],"line":37},"9":{"loc":{"start":{"line":48,"column":9},"end":{"line":48,"column":35}},"type":"binary-expr","locations":[{"start":{"line":48,"column":9},"end":{"line":48,"column":29}},{"start":{"line":48,"column":33},"end":{"line":48,"column":35}}],"line":48},"10":{"loc":{"start":{"line":53,"column":9},"end":{"line":53,"column":37}},"type":"binary-expr","locations":[{"start":{"line":53,"column":9},"end":{"line":53,"column":31}},{"start":{"line":53,"column":35},"end":{"line":53,"column":37}}],"line":53},"11":{"loc":{"start":{"line":58,"column":38},"end":{"line":58,"column":82}},"type":"binary-expr","locations":[{"start":{"line":58,"column":38},"end":{"line":58,"column":58}},{"start":{"line":58,"column":62},"end":{"line":58,"column":82}}],"line":58},"12":{"loc":{"start":{"line":59,"column":2},"end":{"line":63,"column":3}},"type":"if","locations":[{"start":{"line":59,"column":2},"end":{"line":63,"column":3}},{"start":{},"end":{}}],"line":59},"13":{"loc":{"start":{"line":62,"column":8},"end":{"line":62,"column":101}},"type":"binary-expr","locations":[{"start":{"line":62,"column":8},"end":{"line":62,"column":82}},{"start":{"line":62,"column":86},"end":{"line":62,"column":101}}],"line":62},"14":{"loc":{"start":{"line":62,"column":37},"end":{"line":62,"column":81}},"type":"binary-expr","locations":[{"start":{"line":62,"column":37},"end":{"line":62,"column":57}},{"start":{"line":62,"column":61},"end":{"line":62,"column":81}}],"line":62},"15":{"loc":{"start":{"line":64,"column":9},"end":{"line":64,"column":23}},"type":"binary-expr","locations":[{"start":{"line":64,"column":9},"end":{"line":64,"column":15}},{"start":{"line":64,"column":19},"end":{"line":64,"column":23}}],"line":64},"16":{"loc":{"start":{"line":69,"column":9},"end":{"line":69,"column":66}},"type":"cond-expr","locations":[{"start":{"line":69,"column":30},"end":{"line":69,"column":45}},{"start":{"line":69,"column":48},"end":{"line":69,"column":66}}],"line":69},"17":{"loc":{"start":{"line":72,"column":9},"end":{"line":72,"column":68}},"type":"cond-expr","locations":[{"start":{"line":72,"column":30},"end":{"line":72,"column":46}},{"start":{"line":72,"column":49},"end":{"line":72,"column":68}}],"line":72},"18":{"loc":{"start":{"line":75,"column":9},"end":{"line":75,"column":69}},"type":"cond-expr","locations":[{"start":{"line":75,"column":30},"end":{"line":75,"column":46}},{"start":{"line":75,"column":49},"end":{"line":75,"column":69}}],"line":75},"19":{"loc":{"start":{"line":78,"column":9},"end":{"line":78,"column":66}},"type":"cond-expr","locations":[{"start":{"line":78,"column":30},"end":{"line":78,"column":45}},{"start":{"line":78,"column":48},"end":{"line":78,"column":66}}],"line":78},"20":{"loc":{"start":{"line":94,"column":11},"end":{"line":94,"column":52}},"type":"binary-expr","locations":[{"start":{"line":94,"column":12},"end":{"line":94,"column":35}},{"start":{"line":94,"column":40},"end":{"line":94,"column":52}}],"line":94},"21":{"loc":{"start":{"line":94,"column":12},"end":{"line":94,"column":35}},"type":"cond-expr","locations":[{"start":{"line":94,"column":19},"end":{"line":94,"column":25}},{"start":{"line":94,"column":28},"end":{"line":94,"column":35}}],"line":94},"22":{"loc":{"start":{"line":96,"column":10},"end":{"line":96,"column":45}},"type":"binary-expr","locations":[{"start":{"line":96,"column":10},"end":{"line":96,"column":36}},{"start":{"line":96,"column":40},"end":{"line":96,"column":45}}],"line":96},"23":{"loc":{"start":{"line":97,"column":11},"end":{"line":97,"column":59}},"type":"binary-expr","locations":[{"start":{"line":97,"column":12},"end":{"line":97,"column":52}},{"start":{"line":97,"column":57},"end":{"line":97,"column":59}}],"line":97},"24":{"loc":{"start":{"line":97,"column":12},"end":{"line":97,"column":52}},"type":"cond-expr","locations":[{"start":{"line":97,"column":19},"end":{"line":97,"column":35}},{"start":{"line":97,"column":38},"end":{"line":97,"column":52}}],"line":97},"25":{"loc":{"start":{"line":98,"column":10},"end":{"line":98,"column":111}},"type":"cond-expr","locations":[{"start":{"line":98,"column":30},"end":{"line":98,"column":83}},{"start":{"line":98,"column":88},"end":{"line":98,"column":110}}],"line":98},"26":{"loc":{"start":{"line":98,"column":30},"end":{"line":98,"column":83}},"type":"binary-expr","locations":[{"start":{"line":98,"column":30},"end":{"line":98,"column":55}},{"start":{"line":98,"column":60},"end":{"line":98,"column":82}}],"line":98},"27":{"loc":{"start":{"line":98,"column":60},"end":{"line":98,"column":82}},"type":"cond-expr","locations":[{"start":{"line":98,"column":67},"end":{"line":98,"column":73}},{"start":{"line":98,"column":76},"end":{"line":98,"column":82}}],"line":98},"28":{"loc":{"start":{"line":98,"column":88},"end":{"line":98,"column":110}},"type":"cond-expr","locations":[{"start":{"line":98,"column":95},"end":{"line":98,"column":101}},{"start":{"line":98,"column":104},"end":{"line":98,"column":110}}],"line":98}},"s":{"0":1,"1":1,"2":1,"3":1,"4":16,"5":1,"6":1,"7":2,"8":2,"9":2,"10":1,"11":1,"12":1,"13":3,"14":3,"15":3,"16":1,"17":3,"18":2,"19":2,"20":2,"21":1,"22":3,"23":1,"24":1,"25":1,"26":1,"27":1,"28":1,"29":1,"30":1,"31":1,"32":1,"33":1,"34":0,"35":1,"36":1,"37":1,"38":1,"39":1,"40":1,"41":2,"42":3,"43":2,"44":4,"45":1,"46":12,"47":12,"48":1,"49":3},"f":{"0":16,"1":1,"2":2,"3":1,"4":3,"5":1,"6":1,"7":1,"8":1,"9":1,"10":1,"11":0,"12":1,"13":2,"14":3,"15":2,"16":4,"17":12,"18":3},"b":{"0":[1,1],"1":[15,1],"2":[2,0],"3":[1,0],"4":[1,1],"5":[2,1],"6":[2,1],"7":[1,1],"8":[3,1],"9":[1,0],"10":[1,0],"11":[0,0],"12":[1,0],"13":[1,0],"14":[1,1],"15":[1,0],"16":[1,1],"17":[1,2],"18":[1,1],"19":[1,3],"20":[12,0],"21":[3,9],"22":[12,0],"23":[12,0],"24":[3,9],"25":[12,0],"26":[12,0],"27":[0,0],"28":[0,0]},"_coverageSchema":"1a1c01bbd47fc00a2c39e90264f33305004495a9","hash":"76b49d060f1f7034ffb98ae5a689716b288f4bb1"}
}
