TN:
SF:components\MediaCard.tsx
FN:19,(anonymous_0)
FN:25,(anonymous_1)
FN:27,(anonymous_2)
FN:37,MediaCard
FNF:4
FNH:4
FNDA:8,(anonymous_0)
FNDA:9,(anonymous_1)
FNDA:45,(anonymous_2)
FNDA:9,MediaCard
DA:19,1
DA:20,8
DA:21,7
DA:22,0
DA:25,1
DA:26,9
DA:27,9
DA:28,45
DA:45,9
DA:97,1
LF:10
LH:9
BRDA:20,0,0,1
BRDA:20,0,1,7
BRDA:21,1,0,7
BRDA:21,1,1,0
BRDA:30,2,0,32
BRDA:30,2,1,13
BRDA:42,3,0,9
BRDA:43,4,0,9
BRDA:50,5,0,9
BRDA:50,5,1,0
BRDA:55,6,0,9
BRDA:55,6,1,0
BRDA:68,7,0,1
BRDA:68,7,1,8
BRDA:78,8,0,9
BRDA:78,8,1,8
BRDA:84,9,0,8
BRDA:84,9,1,1
BRF:18
BRH:15
end_of_record
TN:
SF:hooks\helpers.ts
FN:7,getDistance
FN:27,toggleFavorite
FN:31,(anonymous_2)
FN:33,(anonymous_3)
FN:39,isContentAllowed
FN:47,formatRating
FN:52,formatDate
FN:60,getImageUrl
FN:69,filterByGenre
FN:74,(anonymous_9)
FN:78,sortByRating
FN:82,(anonymous_11)
FN:90,truncateText
FN:97,isInList
FN:101,(anonymous_14)
FNF:15
FNH:15
FNDA:5,getDistance
FNDA:5,toggleFavorite
FNDA:4,(anonymous_2)
FNDA:6,(anonymous_3)
FNDA:5,isContentAllowed
FNDA:5,formatRating
FNDA:5,formatDate
FNDA:5,getImageUrl
FNDA:5,filterByGenre
FNDA:12,(anonymous_9)
FNDA:5,sortByRating
FNDA:12,(anonymous_11)
FNDA:5,truncateText
FNDA:5,isInList
FNDA:8,(anonymous_14)
DA:13,5
DA:14,5
DA:15,5
DA:17,5
DA:22,5
DA:23,5
DA:31,5
DA:32,5
DA:33,6
DA:35,2
DA:43,5
DA:48,5
DA:53,5
DA:54,4
DA:55,4
DA:56,3
DA:64,5
DA:65,4
DA:73,5
DA:74,12
DA:82,5
DA:83,12
DA:91,5
DA:92,4
DA:93,3
DA:101,8
LF:26
LH:26
BRDA:32,0,0,3
BRDA:32,0,1,2
BRDA:43,1,0,5
BRDA:43,1,1,3
BRDA:53,2,0,1
BRDA:53,2,1,4
BRDA:55,3,0,1
BRDA:55,3,1,3
BRDA:62,4,0,4
BRDA:64,5,0,1
BRDA:64,5,1,4
BRDA:73,6,0,1
BRDA:73,6,1,4
BRDA:80,7,0,4
BRDA:83,8,0,8
BRDA:83,8,1,4
BRDA:91,9,0,1
BRDA:91,9,1,4
BRDA:92,10,0,1
BRDA:92,10,1,3
BRF:20
BRH:20
end_of_record
TN:
SF:hooks\useSensors.ts
FN:19,useShakeDetector
FN:22,(anonymous_1)
FN:24,(anonymous_2)
FN:32,(anonymous_3)
FN:48,useUserLocation
FN:53,(anonymous_5)
FN:86,useBrightness
FN:89,(anonymous_7)
FN:116,useBattery
FN:119,(anonymous_9)
FN:123,(anonymous_10)
FN:130,(anonymous_11)
FN:131,(anonymous_12)
FN:135,(anonymous_13)
FN:136,(anonymous_14)
FN:144,(anonymous_15)
FN:150,(anonymous_16)
FN:171,useNetworkStatus
FN:175,(anonymous_18)
FN:176,(anonymous_19)
FN:195,(anonymous_20)
FNF:21
FNH:17
FNDA:5,useShakeDetector
FNDA:5,(anonymous_1)
FNDA:2,(anonymous_2)
FNDA:5,(anonymous_3)
FNDA:8,useUserLocation
FNDA:3,(anonymous_5)
FNDA:8,useBrightness
FNDA:4,(anonymous_7)
FNDA:4,useBattery
FNDA:2,(anonymous_9)
FNDA:2,(anonymous_10)
FNDA:0,(anonymous_11)
FNDA:0,(anonymous_12)
FNDA:0,(anonymous_13)
FNDA:0,(anonymous_14)
FNDA:2,(anonymous_15)
FNDA:2,(anonymous_16)
FNDA:8,useNetworkStatus
FNDA:4,(anonymous_18)
FNDA:4,(anonymous_19)
FNDA:4,(anonymous_20)
DA:20,5
DA:22,5
DA:23,5
DA:24,5
DA:25,2
DA:26,2
DA:27,2
DA:28,1
DA:29,1
DA:32,5
DA:49,8
DA:50,8
DA:51,8
DA:53,8
DA:54,3
DA:55,3
DA:56,3
DA:57,3
DA:58,1
DA:59,1
DA:61,2
DA:64,2
DA:72,2
DA:74,0
DA:76,3
DA:80,8
DA:87,8
DA:89,8
DA:90,4
DA:91,4
DA:92,4
DA:93,4
DA:94,3
DA:96,1
DA:99,0
DA:103,8
DA:117,4
DA:119,4
DA:123,2
DA:124,2
DA:125,2
DA:126,2
DA:127,2
DA:130,2
DA:131,0
DA:135,2
DA:136,0
DA:139,0
DA:143,2
DA:144,2
DA:145,2
DA:146,2
DA:150,4
DA:151,2
DA:157,2
DA:165,4
DA:172,8
DA:173,8
DA:175,8
DA:176,4
DA:177,4
DA:178,4
DA:179,4
DA:181,4
DA:187,4
DA:189,0
DA:193,4
DA:194,4
DA:195,4
DA:198,8
LF:70
LH:64
BRDA:19,0,0,3
BRDA:27,1,0,1
BRDA:27,1,1,1
BRDA:27,2,0,2
BRDA:27,2,1,1
BRDA:57,3,0,1
BRDA:57,3,1,2
BRDA:93,4,0,3
BRDA:93,4,1,1
BRDA:160,5,0,2
BRDA:160,5,1,0
BRDA:161,6,0,2
BRDA:161,6,1,0
BRDA:179,7,0,4
BRDA:179,7,1,0
BRDA:187,8,0,4
BRDA:187,8,1,0
BRDA:187,9,0,4
BRDA:187,9,1,0
BRF:19
BRH:14
end_of_record
TN:
SF:hooks\useStorage.ts
FN:21,useMediaStorage
FN:27,(anonymous_1)
FN:42,(anonymous_2)
FN:46,(anonymous_3)
FN:68,(anonymous_4)
FN:72,(anonymous_5)
FN:83,(anonymous_6)
FN:87,(anonymous_7)
FN:95,(anonymous_8)
FNF:9
FNH:9
FNDA:29,useMediaStorage
FNDA:4,(anonymous_1)
FNDA:3,(anonymous_2)
FNDA:1,(anonymous_3)
FNDA:4,(anonymous_4)
FNDA:12,(anonymous_5)
FNDA:4,(anonymous_6)
FNDA:9,(anonymous_7)
FNDA:3,(anonymous_8)
DA:19,1
DA:22,29
DA:23,29
DA:24,29
DA:27,29
DA:28,4
DA:29,4
DA:30,4
DA:31,4
DA:32,4
DA:34,0
DA:36,4
DA:41,29
DA:43,3
DA:44,3
DA:45,3
DA:46,3
DA:47,3
DA:48,1
DA:50,2
DA:57,3
DA:58,3
DA:60,0
DA:67,29
DA:69,4
DA:70,4
DA:71,4
DA:72,12
DA:73,4
DA:74,4
DA:76,0
DA:83,29
DA:84,4
DA:85,3
DA:86,3
DA:88,9
DA:95,29
DA:96,3
DA:97,3
DA:98,3
DA:99,3
DA:106,29
LF:42
LH:39
BRDA:32,0,0,1
BRDA:32,0,1,3
BRDA:45,1,0,3
BRDA:45,1,1,0
BRDA:47,2,0,1
BRDA:47,2,1,2
BRDA:71,3,0,4
BRDA:71,3,1,0
BRDA:84,4,0,1
BRDA:84,4,1,3
BRDA:88,5,0,9
BRDA:88,5,1,7
BRDA:88,5,2,7
BRF:13
BRH:11
end_of_record
TN:
SF:services\tmdb.ts
FN:10,(anonymous_0)
FN:14,getMovieDetail
FN:18,getMovieCredits
FN:23,getSimilarMovies
FN:28,getMovieVideos
FN:31,(anonymous_5)
FN:35,(anonymous_6)
FN:41,getTVDetail
FN:45,getTVCredits
FN:50,getSimilarTV
FN:55,getTVVideos
FN:58,(anonymous_11)
FN:62,(anonymous_12)
FN:68,getDetail
FN:71,getCredits
FN:74,getSimilar
FN:77,getVideos
FN:90,tmdbToItem
FN:104,(anonymous_18)
FNF:19
FNH:18
FNDA:16,(anonymous_0)
FNDA:1,getMovieDetail
FNDA:2,getMovieCredits
FNDA:1,getSimilarMovies
FNDA:3,getMovieVideos
FNDA:1,(anonymous_5)
FNDA:1,(anonymous_6)
FNDA:1,getTVDetail
FNDA:1,getTVCredits
FNDA:1,getSimilarTV
FNDA:1,getTVVideos
FNDA:0,(anonymous_11)
FNDA:1,(anonymous_12)
FNDA:2,getDetail
FNDA:3,getCredits
FNDA:2,getSimilar
FNDA:4,getVideos
FNDA:12,tmdbToItem
FNDA:3,(anonymous_18)
DA:4,1
DA:5,1
DA:6,1
DA:10,1
DA:11,16
DA:15,1
DA:16,1
DA:19,2
DA:20,2
DA:21,2
DA:24,1
DA:25,1
DA:26,1
DA:29,3
DA:30,3
DA:31,3
DA:32,3
DA:33,2
DA:34,2
DA:35,2
DA:37,3
DA:42,1
DA:43,1
DA:46,1
DA:47,1
DA:48,1
DA:51,1
DA:52,1
DA:53,1
DA:56,1
DA:57,1
DA:58,1
DA:59,1
DA:60,1
DA:61,1
DA:62,1
DA:64,1
DA:69,2
DA:72,3
DA:75,2
DA:78,4
DA:82,1
DA:91,12
DA:92,12
DA:104,3
LF:45
LH:45
BRDA:4,0,0,1
BRDA:4,0,1,1
BRDA:11,1,0,15
BRDA:11,1,1,1
BRDA:21,2,0,2
BRDA:21,2,1,0
BRDA:26,3,0,1
BRDA:26,3,1,0
BRDA:31,4,0,1
BRDA:31,4,1,1
BRDA:32,5,0,2
BRDA:32,5,1,1
BRDA:35,6,0,2
BRDA:35,6,1,1
BRDA:35,7,0,1
BRDA:35,7,1,1
BRDA:37,8,0,3
BRDA:37,8,1,1
BRDA:48,9,0,1
BRDA:48,9,1,0
BRDA:53,10,0,1
BRDA:53,10,1,0
BRDA:58,11,0,0
BRDA:58,11,1,0
BRDA:59,12,0,1
BRDA:59,12,1,0
BRDA:62,13,0,1
BRDA:62,13,1,0
BRDA:62,14,0,1
BRDA:62,14,1,1
BRDA:64,15,0,1
BRDA:64,15,1,0
BRDA:69,16,0,1
BRDA:69,16,1,1
BRDA:72,17,0,1
BRDA:72,17,1,2
BRDA:75,18,0,1
BRDA:75,18,1,1
BRDA:78,19,0,1
BRDA:78,19,1,3
BRDA:94,20,0,12
BRDA:94,20,1,0
BRDA:94,21,0,3
BRDA:94,21,1,9
BRDA:96,22,0,12
BRDA:96,22,1,0
BRDA:97,23,0,12
BRDA:97,23,1,0
BRDA:97,24,0,3
BRDA:97,24,1,9
BRDA:98,25,0,12
BRDA:98,25,1,0
BRDA:98,26,0,12
BRDA:98,26,1,0
BRDA:98,27,0,0
BRDA:98,27,1,0
BRDA:98,28,0,0
BRDA:98,28,1,0
BRF:58
BRH:40
end_of_record
